2020-01-10 11:10:26.441  INFO 1668 --- [restartedMain] com.sunup.noend.NoendsysApplication      : Starting NoendsysApplication on DESKTOP-57G908Q with PID 1668 (D:\Janly\wk\noend\noendpoms\noendsys\target\classes started by lime in D:\Janly\wk\noend)
2020-01-10 11:10:26.460  INFO 1668 --- [restartedMain] com.sunup.noend.NoendsysApplication      : The following profiles are active: dev
2020-01-10 11:10:26.538  INFO 1668 --- [restartedMain] .e.DevToolsPropertyDefaultsPostProcessor : Devtools property defaults active! Set 'spring.devtools.add-properties' to 'false' to disable
2020-01-10 11:10:28.416  INFO 1668 --- [restartedMain] trationDelegate$BeanPostProcessorChecker : Bean 'com.alibaba.druid.spring.boot.autoconfigure.stat.DruidSpringAopConfiguration' of type [com.alibaba.druid.spring.boot.autoconfigure.stat.DruidSpringAopConfiguration] is not eligible for getting processed by all BeanPostProcessors (for example: not eligible for auto-proxying)
2020-01-10 11:10:29.002  INFO 1668 --- [restartedMain] o.s.b.w.embedded.tomcat.TomcatWebServer  : Tomcat initialized with port(s): 80 (http)
2020-01-10 11:10:29.030  INFO 1668 --- [restartedMain] o.apache.catalina.core.StandardService   : Starting service [Tomcat]
2020-01-10 11:10:29.030  INFO 1668 --- [restartedMain] org.apache.catalina.core.StandardEngine  : Starting Servlet engine: [Apache Tomcat/9.0.29]
2020-01-10 11:10:29.201  INFO 1668 --- [restartedMain] o.a.c.c.C.[Tomcat].[localhost].[/]       : Initializing Spring embedded WebApplicationContext
2020-01-10 11:10:29.202 DEBUG 1668 --- [restartedMain] o.s.web.context.ContextLoader            : Published root WebApplicationContext as ServletContext attribute with name [org.springframework.web.context.WebApplicationContext.ROOT]
2020-01-10 11:10:29.202  INFO 1668 --- [restartedMain] o.s.web.context.ContextLoader            : Root WebApplicationContext: initialization completed in 2664 ms
2020-01-10 11:10:29.279 DEBUG 1668 --- [restartedMain] o.s.b.w.s.ServletContextInitializerBeans : Mapping filters: springSecurityFilterChain urls=[/*], filterRegistrationBean urls=[/*], characterEncodingFilter urls=[/*], hiddenHttpMethodFilter urls=[/*], formContentFilter urls=[/*], requestContextFilter urls=[/*]
2020-01-10 11:10:29.279 DEBUG 1668 --- [restartedMain] o.s.b.w.s.ServletContextInitializerBeans : Mapping servlets: dispatcherServlet urls=[/], statViewServlet urls=[/druid/*]
2020-01-10 11:10:29.550  INFO 1668 --- [restartedMain] c.a.d.s.b.a.DruidDataSourceAutoConfigure : Init DruidDataSource
2020-01-10 11:10:29.945  INFO 1668 --- [restartedMain] com.alibaba.druid.pool.DruidDataSource   : {dataSource-1} inited
2020-01-10 11:10:30.926 DEBUG 1668 --- [restartedMain] o.s.w.s.handler.SimpleUrlHandlerMapping  : Patterns [/**/favicon.ico] in 'faviconHandlerMapping'
2020-01-10 11:10:31.011 DEBUG 1668 --- [restartedMain] s.w.s.m.m.a.RequestMappingHandlerMapping : 35 mappings in 'requestMappingHandlerMapping'
2020-01-10 11:10:31.041  INFO 1668 --- [restartedMain] o.s.b.a.w.s.WelcomePageHandlerMapping    : Adding welcome page template: index
2020-01-10 11:10:31.078 DEBUG 1668 --- [restartedMain] o.s.w.s.handler.SimpleUrlHandlerMapping  : Patterns [/webjars/**, /static/**] in 'resourceHandlerMapping'
2020-01-10 11:10:31.100  INFO 1668 --- [restartedMain] o.s.s.web.DefaultSecurityFilterChain     : Creating filter chain: any request, [org.springframework.security.web.context.request.async.WebAsyncManagerIntegrationFilter@7406a594, org.springframework.security.web.context.SecurityContextPersistenceFilter@29fd996c, org.springframework.security.web.header.HeaderWriterFilter@672cbd5d, org.springframework.web.filter.CorsFilter@7822264d, org.springframework.security.web.authentication.logout.LogoutFilter@12116a8a, org.springframework.security.web.authentication.UsernamePasswordAuthenticationFilter@1e060ac5, org.springframework.security.web.savedrequest.RequestCacheAwareFilter@776c6272, org.springframework.security.web.servletapi.SecurityContextHolderAwareRequestFilter@3b0c562b, org.springframework.security.web.authentication.rememberme.RememberMeAuthenticationFilter@af6e55f, org.springframework.security.web.authentication.AnonymousAuthenticationFilter@2d0d8c7f, org.springframework.security.web.session.SessionManagementFilter@6483db1d, org.springframework.security.web.access.ExceptionTranslationFilter@1257661f, org.springframework.security.web.access.intercept.FilterSecurityInterceptor@138fea0f]
2020-01-10 11:10:31.207  INFO 1668 --- [restartedMain] o.s.s.concurrent.ThreadPoolTaskExecutor  : Initializing ExecutorService 'applicationTaskExecutor'
2020-01-10 11:10:31.222 DEBUG 1668 --- [restartedMain] s.w.s.m.m.a.RequestMappingHandlerAdapter : ControllerAdvice beans: 0 @ModelAttribute, 0 @InitBinder, 1 RequestBodyAdvice, 1 ResponseBodyAdvice
2020-01-10 11:10:31.257 DEBUG 1668 --- [restartedMain] .m.m.a.ExceptionHandlerExceptionResolver : ControllerAdvice beans: 1 @ExceptionHandler, 1 ResponseBodyAdvice
2020-01-10 11:10:31.676  INFO 1668 --- [restartedMain] o.s.b.d.a.OptionalLiveReloadServer       : LiveReload server is running on port 35729
2020-01-10 11:10:31.893  INFO 1668 --- [restartedMain] o.s.b.w.embedded.tomcat.TomcatWebServer  : Tomcat started on port(s): 80 (http) with context path ''
2020-01-10 11:10:31.897  INFO 1668 --- [restartedMain] com.sunup.noend.NoendsysApplication      : Started NoendsysApplication in 6.388 seconds (JVM running for 9.016)
2020-01-10 11:13:42.946  INFO 1668 --- [http-nio-80-exec-1] o.a.c.c.C.[Tomcat].[localhost].[/]       : Initializing Spring DispatcherServlet 'dispatcherServlet'
2020-01-10 11:13:42.948  INFO 1668 --- [http-nio-80-exec-1] o.s.web.servlet.DispatcherServlet        : Initializing Servlet 'dispatcherServlet'
2020-01-10 11:13:42.949 DEBUG 1668 --- [http-nio-80-exec-1] o.s.web.servlet.DispatcherServlet        : Detected StandardServletMultipartResolver
2020-01-10 11:13:42.968 DEBUG 1668 --- [http-nio-80-exec-1] o.s.web.servlet.DispatcherServlet        : enableLoggingRequestDetails='false': request parameters and headers will be masked to prevent unsafe logging of potentially sensitive data
2020-01-10 11:13:42.968  INFO 1668 --- [http-nio-80-exec-1] o.s.web.servlet.DispatcherServlet        : Completed initialization in 19 ms
2020-01-10 11:13:43.183  WARN 1668 --- [http-nio-80-exec-1] o.a.c.util.SessionIdGeneratorBase        : Creation of SecureRandom instance for session ID generation using [SHA1PRNG] took [149] milliseconds.
2020-01-10 11:13:43.207 DEBUG 1668 --- [http-nio-80-exec-2] o.s.web.servlet.DispatcherServlet        : GET "/login", parameters={}
2020-01-10 11:13:43.212 DEBUG 1668 --- [http-nio-80-exec-2] s.w.s.m.m.a.RequestMappingHandlerMapping : Mapped to public java.lang.String com.sunup.noend.controller.LoginController.login()
2020-01-10 11:13:43.233 DEBUG 1668 --- [http-nio-80-exec-2] o.s.w.s.v.ContentNegotiatingViewResolver : Selected 'text/html' given [text/html, application/xhtml+xml, image/webp, image/apng, application/xml;q=0.9, application/signed-exchange;v=b3;q=0.9, */*;q=0.8]
2020-01-10 11:13:43.587 DEBUG 1668 --- [http-nio-80-exec-2] o.s.web.servlet.DispatcherServlet        : Completed 200 OK
2020-01-10 11:13:43.652 DEBUG 1668 --- [http-nio-80-exec-3] o.s.web.servlet.DispatcherServlet        : GET "/static/css/pages/login-register-lock.css", parameters={}
2020-01-10 11:13:43.652 DEBUG 1668 --- [http-nio-80-exec-4] o.s.web.servlet.DispatcherServlet        : GET "/static/css/style.css", parameters={}
2020-01-10 11:13:43.661 DEBUG 1668 --- [http-nio-80-exec-4] o.s.w.s.handler.SimpleUrlHandlerMapping  : Mapped to ResourceHttpRequestHandler ["classpath:/META-INF/resources/", "classpath:/resources/", "classpath:/static/", "classpath:/public/", "/"]
2020-01-10 11:13:43.665 DEBUG 1668 --- [http-nio-80-exec-3] o.s.w.s.handler.SimpleUrlHandlerMapping  : Mapped to ResourceHttpRequestHandler ["classpath:/META-INF/resources/", "classpath:/resources/", "classpath:/static/", "classpath:/public/", "/"]
2020-01-10 11:13:43.677 DEBUG 1668 --- [http-nio-80-exec-3] o.s.web.servlet.DispatcherServlet        : Completed 200 OK
2020-01-10 11:13:43.680 DEBUG 1668 --- [http-nio-80-exec-4] o.s.web.servlet.DispatcherServlet        : Completed 200 OK
2020-01-10 11:13:43.690 DEBUG 1668 --- [http-nio-80-exec-5] o.s.web.servlet.DispatcherServlet        : GET "/static/css/colors/default-dark.css", parameters={}
2020-01-10 11:13:43.697 DEBUG 1668 --- [http-nio-80-exec-5] o.s.w.s.handler.SimpleUrlHandlerMapping  : Mapped to ResourceHttpRequestHandler ["classpath:/META-INF/resources/", "classpath:/resources/", "classpath:/static/", "classpath:/public/", "/"]
2020-01-10 11:13:43.702 DEBUG 1668 --- [http-nio-80-exec-5] o.s.web.servlet.DispatcherServlet        : Completed 200 OK
2020-01-10 11:13:43.708 DEBUG 1668 --- [http-nio-80-exec-6] o.s.web.servlet.DispatcherServlet        : GET "/static/css/spinners.css", parameters={}
2020-01-10 11:13:43.711 DEBUG 1668 --- [http-nio-80-exec-6] o.s.w.s.handler.SimpleUrlHandlerMapping  : Mapped to ResourceHttpRequestHandler ["classpath:/META-INF/resources/", "classpath:/resources/", "classpath:/static/", "classpath:/public/", "/"]
2020-01-10 11:13:43.717 DEBUG 1668 --- [http-nio-80-exec-6] o.s.web.servlet.DispatcherServlet        : Completed 200 OK
2020-01-10 11:13:45.291 DEBUG 1668 --- [http-nio-80-exec-7] c.s.n.m.U.selectByAccountNumber          : ==>  Preparing: select id, account_number, password, username, type, email, phone, sex, avatar_url, salt, status, login_ip, login_time, role_name, role_id, create_username, create_user_id, create_time, update_username, update_user_id, update_time, remark from t_user where account_number=? 
2020-01-10 11:13:45.442 DEBUG 1668 --- [http-nio-80-exec-7] c.s.n.m.U.selectByAccountNumber          : ==> Parameters: admin(String)
2020-01-10 11:13:45.557 DEBUG 1668 --- [http-nio-80-exec-7] c.s.n.m.U.selectByAccountNumber          : <==      Total: 1
2020-01-10 11:13:45.900  INFO 1668 --- [http-nio-80-exec-7] c.s.n.s.impl.SysUserDetailsServiceImpl   : admin角色权限为：[ROLE_ADMIN, ROLE_USER]
2020-01-10 11:13:46.032 DEBUG 1668 --- [http-nio-80-exec-8] o.s.web.servlet.DispatcherServlet        : GET "/", parameters={}
2020-01-10 11:13:46.032 DEBUG 1668 --- [http-nio-80-exec-8] s.w.s.m.m.a.RequestMappingHandlerMapping : Mapped to public java.lang.String com.sunup.noend.controller.LoginController.index()
2020-01-10 11:13:46.034 DEBUG 1668 --- [http-nio-80-exec-8] o.s.w.s.v.ContentNegotiatingViewResolver : Selected 'text/html' given [text/html, application/xhtml+xml, image/webp, image/apng, application/xml;q=0.9, application/signed-exchange;v=b3;q=0.9, */*;q=0.8]
2020-01-10 11:13:46.120 DEBUG 1668 --- [http-nio-80-exec-8] o.s.web.servlet.DispatcherServlet        : Completed 200 OK
2020-01-10 11:13:46.173 DEBUG 1668 --- [http-nio-80-exec-9] o.s.web.servlet.DispatcherServlet        : GET "/static/css/style.css", parameters={}
2020-01-10 11:13:46.173 DEBUG 1668 --- [http-nio-80-exec-9] o.s.w.s.handler.SimpleUrlHandlerMapping  : Mapped to ResourceHttpRequestHandler ["classpath:/META-INF/resources/", "classpath:/resources/", "classpath:/static/", "classpath:/public/", "/"]
2020-01-10 11:13:46.194 DEBUG 1668 --- [http-nio-80-exec-9] o.s.web.servlet.DispatcherServlet        : Completed 200 OK
2020-01-10 11:13:46.204 DEBUG 1668 --- [http-nio-80-exec-10] o.s.web.servlet.DispatcherServlet        : GET "/static/css/colors/default-dark.css", parameters={}
2020-01-10 11:13:46.205 DEBUG 1668 --- [http-nio-80-exec-10] o.s.w.s.handler.SimpleUrlHandlerMapping  : Mapped to ResourceHttpRequestHandler ["classpath:/META-INF/resources/", "classpath:/resources/", "classpath:/static/", "classpath:/public/", "/"]
2020-01-10 11:13:46.211 DEBUG 1668 --- [http-nio-80-exec-10] o.s.web.servlet.DispatcherServlet        : Completed 200 OK
2020-01-10 11:13:46.220 DEBUG 1668 --- [http-nio-80-exec-1] o.s.web.servlet.DispatcherServlet        : GET "/static/assets/images/users/profile.png", parameters={}
2020-01-10 11:13:46.221 DEBUG 1668 --- [http-nio-80-exec-1] o.s.w.s.handler.SimpleUrlHandlerMapping  : Mapped to ResourceHttpRequestHandler ["classpath:/META-INF/resources/", "classpath:/resources/", "classpath:/static/", "classpath:/public/", "/"]
2020-01-10 11:13:46.230 DEBUG 1668 --- [http-nio-80-exec-1] o.s.web.servlet.DispatcherServlet        : Completed 200 OK
2020-01-10 11:13:46.237 DEBUG 1668 --- [http-nio-80-exec-2] o.s.web.servlet.DispatcherServlet        : GET "/static/js/waves.js", parameters={}
2020-01-10 11:13:46.240 DEBUG 1668 --- [http-nio-80-exec-2] o.s.w.s.handler.SimpleUrlHandlerMapping  : Mapped to ResourceHttpRequestHandler ["classpath:/META-INF/resources/", "classpath:/resources/", "classpath:/static/", "classpath:/public/", "/"]
2020-01-10 11:13:46.245 DEBUG 1668 --- [http-nio-80-exec-3] o.s.web.servlet.DispatcherServlet        : GET "/static/js/sidebarmenu.js", parameters={}
2020-01-10 11:13:46.247 DEBUG 1668 --- [http-nio-80-exec-3] o.s.w.s.handler.SimpleUrlHandlerMapping  : Mapped to ResourceHttpRequestHandler ["classpath:/META-INF/resources/", "classpath:/resources/", "classpath:/static/", "classpath:/public/", "/"]
2020-01-10 11:13:46.252 DEBUG 1668 --- [http-nio-80-exec-3] o.s.web.servlet.DispatcherServlet        : Completed 200 OK
2020-01-10 11:13:46.255 DEBUG 1668 --- [http-nio-80-exec-2] o.s.web.servlet.DispatcherServlet        : Completed 200 OK
2020-01-10 11:13:46.264 DEBUG 1668 --- [http-nio-80-exec-5] o.s.web.servlet.DispatcherServlet        : GET "/static/css/spinners.css", parameters={}
2020-01-10 11:13:46.264 DEBUG 1668 --- [http-nio-80-exec-4] o.s.web.servlet.DispatcherServlet        : GET "/static/js/custom.min.js", parameters={}
2020-01-10 11:13:46.265 DEBUG 1668 --- [http-nio-80-exec-5] o.s.w.s.handler.SimpleUrlHandlerMapping  : Mapped to ResourceHttpRequestHandler ["classpath:/META-INF/resources/", "classpath:/resources/", "classpath:/static/", "classpath:/public/", "/"]
2020-01-10 11:13:46.267 DEBUG 1668 --- [http-nio-80-exec-4] o.s.w.s.handler.SimpleUrlHandlerMapping  : Mapped to ResourceHttpRequestHandler ["classpath:/META-INF/resources/", "classpath:/resources/", "classpath:/static/", "classpath:/public/", "/"]
2020-01-10 11:13:46.271 DEBUG 1668 --- [http-nio-80-exec-4] o.s.web.servlet.DispatcherServlet        : Completed 200 OK
2020-01-10 11:13:46.272 DEBUG 1668 --- [http-nio-80-exec-5] o.s.web.servlet.DispatcherServlet        : Completed 200 OK
2020-01-10 11:13:48.236 DEBUG 1668 --- [http-nio-80-exec-6] o.s.web.servlet.DispatcherServlet        : GET "/sales/commodity/list", parameters={}
2020-01-10 11:13:48.237 DEBUG 1668 --- [http-nio-80-exec-6] s.w.s.m.m.a.RequestMappingHandlerMapping : Mapped to public java.lang.String com.sunup.noend.controller.CommodityController.list(org.springframework.ui.Model)
2020-01-10 11:13:48.242 DEBUG 1668 --- [http-nio-80-exec-6] o.s.w.s.v.ContentNegotiatingViewResolver : Selected 'text/html' given [text/html, application/xhtml+xml, image/webp, image/apng, application/xml;q=0.9, application/signed-exchange;v=b3;q=0.9, */*;q=0.8]
2020-01-10 11:13:48.282 DEBUG 1668 --- [http-nio-80-exec-6] o.s.web.servlet.DispatcherServlet        : Completed 200 OK
2020-01-10 11:13:48.307 DEBUG 1668 --- [http-nio-80-exec-7] o.s.web.servlet.DispatcherServlet        : GET "/static/css/style.css", parameters={}
2020-01-10 11:13:48.308 DEBUG 1668 --- [http-nio-80-exec-7] o.s.w.s.handler.SimpleUrlHandlerMapping  : Mapped to ResourceHttpRequestHandler ["classpath:/META-INF/resources/", "classpath:/resources/", "classpath:/static/", "classpath:/public/", "/"]
2020-01-10 11:13:48.330 DEBUG 1668 --- [http-nio-80-exec-7] o.s.web.servlet.DispatcherServlet        : Completed 200 OK
2020-01-10 11:13:48.334 DEBUG 1668 --- [http-nio-80-exec-8] o.s.web.servlet.DispatcherServlet        : GET "/static/css/colors/default-dark.css", parameters={}
2020-01-10 11:13:48.335 DEBUG 1668 --- [http-nio-80-exec-8] o.s.w.s.handler.SimpleUrlHandlerMapping  : Mapped to ResourceHttpRequestHandler ["classpath:/META-INF/resources/", "classpath:/resources/", "classpath:/static/", "classpath:/public/", "/"]
2020-01-10 11:13:48.339 DEBUG 1668 --- [http-nio-80-exec-8] o.s.web.servlet.DispatcherServlet        : Completed 200 OK
2020-01-10 11:13:48.350 DEBUG 1668 --- [http-nio-80-exec-10] o.s.web.servlet.DispatcherServlet        : GET "/static/js/waves.js", parameters={}
2020-01-10 11:13:48.351 DEBUG 1668 --- [http-nio-80-exec-10] o.s.w.s.handler.SimpleUrlHandlerMapping  : Mapped to ResourceHttpRequestHandler ["classpath:/META-INF/resources/", "classpath:/resources/", "classpath:/static/", "classpath:/public/", "/"]
2020-01-10 11:13:48.352 DEBUG 1668 --- [http-nio-80-exec-9] o.s.web.servlet.DispatcherServlet        : GET "/static/assets/images/users/profile.png", parameters={}
2020-01-10 11:13:48.353 DEBUG 1668 --- [http-nio-80-exec-9] o.s.w.s.handler.SimpleUrlHandlerMapping  : Mapped to ResourceHttpRequestHandler ["classpath:/META-INF/resources/", "classpath:/resources/", "classpath:/static/", "classpath:/public/", "/"]
2020-01-10 11:13:48.353 DEBUG 1668 --- [http-nio-80-exec-10] o.s.web.servlet.DispatcherServlet        : Completed 200 OK
2020-01-10 11:13:48.367 DEBUG 1668 --- [http-nio-80-exec-9] o.s.web.servlet.DispatcherServlet        : Completed 200 OK
2020-01-10 11:13:48.401 DEBUG 1668 --- [http-nio-80-exec-1] o.s.web.servlet.DispatcherServlet        : GET "/static/js/sidebarmenu.js", parameters={}
2020-01-10 11:13:48.401 DEBUG 1668 --- [http-nio-80-exec-1] o.s.w.s.handler.SimpleUrlHandlerMapping  : Mapped to ResourceHttpRequestHandler ["classpath:/META-INF/resources/", "classpath:/resources/", "classpath:/static/", "classpath:/public/", "/"]
2020-01-10 11:13:48.401 DEBUG 1668 --- [http-nio-80-exec-3] o.s.web.servlet.DispatcherServlet        : GET "/static/js/custom.min.js", parameters={}
2020-01-10 11:13:48.402 DEBUG 1668 --- [http-nio-80-exec-3] o.s.w.s.handler.SimpleUrlHandlerMapping  : Mapped to ResourceHttpRequestHandler ["classpath:/META-INF/resources/", "classpath:/resources/", "classpath:/static/", "classpath:/public/", "/"]
2020-01-10 11:13:48.407 DEBUG 1668 --- [http-nio-80-exec-1] o.s.web.servlet.DispatcherServlet        : Completed 200 OK
2020-01-10 11:13:48.408 DEBUG 1668 --- [http-nio-80-exec-3] o.s.web.servlet.DispatcherServlet        : Completed 200 OK
2020-01-10 11:13:48.434 DEBUG 1668 --- [http-nio-80-exec-2] o.s.web.servlet.DispatcherServlet        : GET "/static/css/spinners.css", parameters={}
2020-01-10 11:13:48.435 DEBUG 1668 --- [http-nio-80-exec-2] o.s.w.s.handler.SimpleUrlHandlerMapping  : Mapped to ResourceHttpRequestHandler ["classpath:/META-INF/resources/", "classpath:/resources/", "classpath:/static/", "classpath:/public/", "/"]
2020-01-10 11:13:48.439 DEBUG 1668 --- [http-nio-80-exec-2] o.s.web.servlet.DispatcherServlet        : Completed 200 OK
2020-01-10 11:13:48.676 DEBUG 1668 --- [http-nio-80-exec-4] s.w.s.m.m.a.RequestMappingHandlerMapping : Mapped to public com.sunup.noend.pojo.Page com.sunup.noend.controller.CommodityController.list(com.sunup.noend.pojo.Page,java.lang.String) throws com.sunup.noend.handler.exception.StringLengthLtThreeException
2020-01-10 11:13:48.680 DEBUG 1668 --- [http-nio-80-exec-4] o.s.web.servlet.DispatcherServlet        : POST "/sales/commodity/list", parameters={masked}
2020-01-10 11:13:48.681 DEBUG 1668 --- [http-nio-80-exec-4] s.w.s.m.m.a.RequestMappingHandlerMapping : Mapped to public com.sunup.noend.pojo.Page com.sunup.noend.controller.CommodityController.list(com.sunup.noend.pojo.Page,java.lang.String) throws com.sunup.noend.handler.exception.StringLengthLtThreeException
2020-01-10 11:13:48.769  INFO 1668 --- [http-nio-80-exec-4] c.s.n.service.impl.CommonServiceImpl     : 相等查找
2020-01-10 11:13:48.801 DEBUG 1668 --- [http-nio-80-exec-4] c.s.n.m.C.selectPageBySearch             : ==>  Preparing: select id, name, norm, lot_number, inventory, retail_price,supply_price, wholesale_price,quality,health_permit,unit,valid_until,create_time from t_commodity order by id desc limit ?,? 
2020-01-10 11:13:48.805 DEBUG 1668 --- [http-nio-80-exec-4] c.s.n.m.C.selectPageBySearch             : ==> Parameters: 0(Integer), 10(Integer)
2020-01-10 11:13:48.824 DEBUG 1668 --- [http-nio-80-exec-4] c.s.n.m.C.selectPageBySearch             : <==      Total: 10
2020-01-10 11:13:48.825 DEBUG 1668 --- [http-nio-80-exec-4] c.s.n.m.C.selectCountBySearch            : ==>  Preparing: select count(id) from t_commodity as tc 
2020-01-10 11:13:48.828 DEBUG 1668 --- [http-nio-80-exec-4] c.s.n.m.C.selectCountBySearch            : ==> Parameters: 
2020-01-10 11:13:48.837 DEBUG 1668 --- [http-nio-80-exec-4] c.s.n.m.C.selectCountBySearch            : <==      Total: 1
2020-01-10 11:13:48.918 DEBUG 1668 --- [http-nio-80-exec-4] m.m.a.RequestResponseBodyMethodProcessor : Using 'application/json;charset=UTF-8', given [application/json, text/javascript, */*;q=0.01] and supported [application/json;charset=UTF-8, application/json, application/*+json]
2020-01-10 11:13:48.921 DEBUG 1668 --- [http-nio-80-exec-4] m.m.a.RequestResponseBodyMethodProcessor : Writing [Page(start=0, length=0, recordsFiltered=15, data=[Commodity(id=19, name=军中肤王草本抑菌乳膏, namePinyin=null, (truncated)...]
2020-01-10 11:13:49.023 DEBUG 1668 --- [http-nio-80-exec-4] o.s.web.servlet.DispatcherServlet        : Completed 200 OK
2020-01-10 11:13:51.334 DEBUG 1668 --- [http-nio-80-exec-5] o.s.web.servlet.DispatcherServlet        : GET "/sales/company/list", parameters={}
2020-01-10 11:13:51.334 DEBUG 1668 --- [http-nio-80-exec-5] s.w.s.m.m.a.RequestMappingHandlerMapping : Mapped to public java.lang.String com.sunup.noend.controller.CompanyController.list(org.springframework.ui.Model)
2020-01-10 11:13:51.335 DEBUG 1668 --- [http-nio-80-exec-5] o.s.w.s.v.ContentNegotiatingViewResolver : Selected 'text/html' given [text/html, application/xhtml+xml, image/webp, image/apng, application/xml;q=0.9, application/signed-exchange;v=b3;q=0.9, */*;q=0.8]
2020-01-10 11:13:51.358 DEBUG 1668 --- [http-nio-80-exec-5] o.s.web.servlet.DispatcherServlet        : Completed 200 OK
2020-01-10 11:13:51.402 DEBUG 1668 --- [http-nio-80-exec-6] o.s.web.servlet.DispatcherServlet        : GET "/static/css/style.css", parameters={}
2020-01-10 11:13:51.403 DEBUG 1668 --- [http-nio-80-exec-6] o.s.w.s.handler.SimpleUrlHandlerMapping  : Mapped to ResourceHttpRequestHandler ["classpath:/META-INF/resources/", "classpath:/resources/", "classpath:/static/", "classpath:/public/", "/"]
2020-01-10 11:13:51.419 DEBUG 1668 --- [http-nio-80-exec-6] o.s.web.servlet.DispatcherServlet        : Completed 200 OK
2020-01-10 11:13:51.426 DEBUG 1668 --- [http-nio-80-exec-7] o.s.web.servlet.DispatcherServlet        : GET "/static/css/colors/default-dark.css", parameters={}
2020-01-10 11:13:51.432 DEBUG 1668 --- [http-nio-80-exec-7] o.s.w.s.handler.SimpleUrlHandlerMapping  : Mapped to ResourceHttpRequestHandler ["classpath:/META-INF/resources/", "classpath:/resources/", "classpath:/static/", "classpath:/public/", "/"]
2020-01-10 11:13:51.436 DEBUG 1668 --- [http-nio-80-exec-7] o.s.web.servlet.DispatcherServlet        : Completed 200 OK
2020-01-10 11:13:51.436 DEBUG 1668 --- [http-nio-80-exec-8] o.s.web.servlet.DispatcherServlet        : GET "/static/assets/images/users/profile.png", parameters={}
2020-01-10 11:13:51.438 DEBUG 1668 --- [http-nio-80-exec-8] o.s.w.s.handler.SimpleUrlHandlerMapping  : Mapped to ResourceHttpRequestHandler ["classpath:/META-INF/resources/", "classpath:/resources/", "classpath:/static/", "classpath:/public/", "/"]
2020-01-10 11:13:51.445 DEBUG 1668 --- [http-nio-80-exec-8] o.s.web.servlet.DispatcherServlet        : Completed 200 OK
2020-01-10 11:13:51.449 DEBUG 1668 --- [http-nio-80-exec-10] o.s.web.servlet.DispatcherServlet        : GET "/static/js/waves.js", parameters={}
2020-01-10 11:13:51.450 DEBUG 1668 --- [http-nio-80-exec-10] o.s.w.s.handler.SimpleUrlHandlerMapping  : Mapped to ResourceHttpRequestHandler ["classpath:/META-INF/resources/", "classpath:/resources/", "classpath:/static/", "classpath:/public/", "/"]
2020-01-10 11:13:51.453 DEBUG 1668 --- [http-nio-80-exec-10] o.s.web.servlet.DispatcherServlet        : Completed 200 OK
2020-01-10 11:13:51.468 DEBUG 1668 --- [http-nio-80-exec-9] o.s.web.servlet.DispatcherServlet        : GET "/static/js/sidebarmenu.js", parameters={}
2020-01-10 11:13:51.468 DEBUG 1668 --- [http-nio-80-exec-9] o.s.w.s.handler.SimpleUrlHandlerMapping  : Mapped to ResourceHttpRequestHandler ["classpath:/META-INF/resources/", "classpath:/resources/", "classpath:/static/", "classpath:/public/", "/"]
2020-01-10 11:13:51.474 DEBUG 1668 --- [http-nio-80-exec-9] o.s.web.servlet.DispatcherServlet        : Completed 200 OK
2020-01-10 11:13:51.477 DEBUG 1668 --- [http-nio-80-exec-1] o.s.web.servlet.DispatcherServlet        : GET "/static/css/spinners.css", parameters={}
2020-01-10 11:13:51.481 DEBUG 1668 --- [http-nio-80-exec-1] o.s.w.s.handler.SimpleUrlHandlerMapping  : Mapped to ResourceHttpRequestHandler ["classpath:/META-INF/resources/", "classpath:/resources/", "classpath:/static/", "classpath:/public/", "/"]
2020-01-10 11:13:51.484 DEBUG 1668 --- [http-nio-80-exec-1] o.s.web.servlet.DispatcherServlet        : Completed 200 OK
2020-01-10 11:13:51.484 DEBUG 1668 --- [http-nio-80-exec-9] o.s.web.servlet.DispatcherServlet        : GET "/static/js/custom.min.js", parameters={}
2020-01-10 11:13:51.485 DEBUG 1668 --- [http-nio-80-exec-9] o.s.w.s.handler.SimpleUrlHandlerMapping  : Mapped to ResourceHttpRequestHandler ["classpath:/META-INF/resources/", "classpath:/resources/", "classpath:/static/", "classpath:/public/", "/"]
2020-01-10 11:13:51.488 DEBUG 1668 --- [http-nio-80-exec-9] o.s.web.servlet.DispatcherServlet        : Completed 200 OK
2020-01-10 11:13:51.694 DEBUG 1668 --- [http-nio-80-exec-2] s.w.s.m.m.a.RequestMappingHandlerMapping : Mapped to public com.sunup.noend.pojo.Page com.sunup.noend.controller.CompanyController.list(com.sunup.noend.pojo.Page,java.lang.String) throws com.sunup.noend.handler.exception.StringLengthLtThreeException
2020-01-10 11:13:51.694 DEBUG 1668 --- [http-nio-80-exec-2] o.s.web.servlet.DispatcherServlet        : POST "/sales/company/list", parameters={masked}
2020-01-10 11:13:51.695 DEBUG 1668 --- [http-nio-80-exec-2] s.w.s.m.m.a.RequestMappingHandlerMapping : Mapped to public com.sunup.noend.pojo.Page com.sunup.noend.controller.CompanyController.list(com.sunup.noend.pojo.Page,java.lang.String) throws com.sunup.noend.handler.exception.StringLengthLtThreeException
2020-01-10 11:13:51.701  INFO 1668 --- [http-nio-80-exec-2] c.s.noend.controller.CompanyController   : {"draw":1,"length":10,"recordsFiltered":0,"recordsTotal":0,"start":0}
2020-01-10 11:13:51.701  INFO 1668 --- [http-nio-80-exec-2] c.s.noend.controller.CompanyController   : ""
2020-01-10 11:13:51.715  INFO 1668 --- [http-nio-80-exec-2] c.s.n.service.impl.CommonServiceImpl     : 相等查找
2020-01-10 11:13:51.716 DEBUG 1668 --- [http-nio-80-exec-2] c.s.n.m.C.selectPageBySearch             : ==>  Preparing: select id, name, address,uniform_credit_code,phone, landline from t_company order by id desc limit ?,? 
2020-01-10 11:13:51.717 DEBUG 1668 --- [http-nio-80-exec-2] c.s.n.m.C.selectPageBySearch             : ==> Parameters: 0(Integer), 10(Integer)
2020-01-10 11:13:51.727 DEBUG 1668 --- [http-nio-80-exec-2] c.s.n.m.C.selectPageBySearch             : <==      Total: 10
2020-01-10 11:13:51.729 DEBUG 1668 --- [http-nio-80-exec-2] c.s.n.m.C.selectCountBySearch            : ==>  Preparing: select count(id) from t_company as tc 
2020-01-10 11:13:51.730 DEBUG 1668 --- [http-nio-80-exec-2] c.s.n.m.C.selectCountBySearch            : ==> Parameters: 
2020-01-10 11:13:51.737 DEBUG 1668 --- [http-nio-80-exec-2] c.s.n.m.C.selectCountBySearch            : <==      Total: 1
2020-01-10 11:13:51.757 DEBUG 1668 --- [http-nio-80-exec-2] m.m.a.RequestResponseBodyMethodProcessor : Using 'application/json;charset=UTF-8', given [application/json, text/javascript, */*;q=0.01] and supported [application/json;charset=UTF-8, application/json, application/*+json]
2020-01-10 11:13:51.757 DEBUG 1668 --- [http-nio-80-exec-2] m.m.a.RequestResponseBodyMethodProcessor : Writing [Page(start=0, length=0, recordsFiltered=77, data=[Company(id=77, name=龙泉驿区龙泉街办同仁药店, namePinyin=null, (truncated)...]
2020-01-10 11:13:51.768 DEBUG 1668 --- [http-nio-80-exec-2] o.s.web.servlet.DispatcherServlet        : Completed 200 OK
2020-01-10 11:13:53.038 DEBUG 1668 --- [http-nio-80-exec-4] o.s.web.servlet.DispatcherServlet        : GET "/sales/outbound/add", parameters={}
2020-01-10 11:13:53.039 DEBUG 1668 --- [http-nio-80-exec-4] s.w.s.m.m.a.RequestMappingHandlerMapping : Mapped to public java.lang.String com.sunup.noend.controller.OutboundController.add(org.springframework.ui.Model)
2020-01-10 11:13:53.040 DEBUG 1668 --- [http-nio-80-exec-4] o.s.w.s.v.ContentNegotiatingViewResolver : Selected 'text/html' given [text/html, application/xhtml+xml, image/webp, image/apng, application/xml;q=0.9, application/signed-exchange;v=b3;q=0.9, */*;q=0.8]
2020-01-10 11:13:53.071 DEBUG 1668 --- [http-nio-80-exec-4] o.s.web.servlet.DispatcherServlet        : Completed 200 OK
2020-01-10 11:13:53.117 DEBUG 1668 --- [http-nio-80-exec-5] o.s.web.servlet.DispatcherServlet        : GET "/static/css/style.css", parameters={}
2020-01-10 11:13:53.118 DEBUG 1668 --- [http-nio-80-exec-5] o.s.w.s.handler.SimpleUrlHandlerMapping  : Mapped to ResourceHttpRequestHandler ["classpath:/META-INF/resources/", "classpath:/resources/", "classpath:/static/", "classpath:/public/", "/"]
2020-01-10 11:13:53.125 DEBUG 1668 --- [http-nio-80-exec-5] o.s.web.servlet.DispatcherServlet        : Completed 200 OK
2020-01-10 11:13:53.127 DEBUG 1668 --- [http-nio-80-exec-6] o.s.web.servlet.DispatcherServlet        : GET "/static/css/colors/default-dark.css", parameters={}
2020-01-10 11:13:53.128 DEBUG 1668 --- [http-nio-80-exec-6] o.s.w.s.handler.SimpleUrlHandlerMapping  : Mapped to ResourceHttpRequestHandler ["classpath:/META-INF/resources/", "classpath:/resources/", "classpath:/static/", "classpath:/public/", "/"]
2020-01-10 11:13:53.134 DEBUG 1668 --- [http-nio-80-exec-6] o.s.web.servlet.DispatcherServlet        : Completed 200 OK
2020-01-10 11:13:53.140 DEBUG 1668 --- [http-nio-80-exec-7] o.s.web.servlet.DispatcherServlet        : GET "/static/assets/images/users/profile.png", parameters={}
2020-01-10 11:13:53.141 DEBUG 1668 --- [http-nio-80-exec-7] o.s.w.s.handler.SimpleUrlHandlerMapping  : Mapped to ResourceHttpRequestHandler ["classpath:/META-INF/resources/", "classpath:/resources/", "classpath:/static/", "classpath:/public/", "/"]
2020-01-10 11:13:53.150 DEBUG 1668 --- [http-nio-80-exec-7] o.s.web.servlet.DispatcherServlet        : Completed 200 OK
2020-01-10 11:13:53.154 DEBUG 1668 --- [http-nio-80-exec-8] o.s.web.servlet.DispatcherServlet        : GET "/static/js/waves.js", parameters={}
2020-01-10 11:13:53.155 DEBUG 1668 --- [http-nio-80-exec-8] o.s.w.s.handler.SimpleUrlHandlerMapping  : Mapped to ResourceHttpRequestHandler ["classpath:/META-INF/resources/", "classpath:/resources/", "classpath:/static/", "classpath:/public/", "/"]
2020-01-10 11:13:53.160 DEBUG 1668 --- [http-nio-80-exec-8] o.s.web.servlet.DispatcherServlet        : Completed 200 OK
2020-01-10 11:13:53.167 DEBUG 1668 --- [http-nio-80-exec-10] o.s.web.servlet.DispatcherServlet        : GET "/static/js/sidebarmenu.js", parameters={}
2020-01-10 11:13:53.168 DEBUG 1668 --- [http-nio-80-exec-10] o.s.w.s.handler.SimpleUrlHandlerMapping  : Mapped to ResourceHttpRequestHandler ["classpath:/META-INF/resources/", "classpath:/resources/", "classpath:/static/", "classpath:/public/", "/"]
2020-01-10 11:13:53.174 DEBUG 1668 --- [http-nio-80-exec-10] o.s.web.servlet.DispatcherServlet        : Completed 200 OK
2020-01-10 11:13:53.175 DEBUG 1668 --- [http-nio-80-exec-1] o.s.web.servlet.DispatcherServlet        : GET "/static/js/custom.min.js", parameters={}
2020-01-10 11:13:53.176 DEBUG 1668 --- [http-nio-80-exec-1] o.s.w.s.handler.SimpleUrlHandlerMapping  : Mapped to ResourceHttpRequestHandler ["classpath:/META-INF/resources/", "classpath:/resources/", "classpath:/static/", "classpath:/public/", "/"]
2020-01-10 11:13:53.183 DEBUG 1668 --- [http-nio-80-exec-1] o.s.web.servlet.DispatcherServlet        : Completed 200 OK
2020-01-10 11:13:53.191 DEBUG 1668 --- [http-nio-80-exec-3] o.s.web.servlet.DispatcherServlet        : GET "/static/assets/plugins/dff/dff.js", parameters={}
2020-01-10 11:13:53.191 DEBUG 1668 --- [http-nio-80-exec-9] o.s.web.servlet.DispatcherServlet        : GET "/static/css/spinners.css", parameters={}
2020-01-10 11:13:53.192 DEBUG 1668 --- [http-nio-80-exec-3] o.s.w.s.handler.SimpleUrlHandlerMapping  : Mapped to ResourceHttpRequestHandler ["classpath:/META-INF/resources/", "classpath:/resources/", "classpath:/static/", "classpath:/public/", "/"]
2020-01-10 11:13:53.192 DEBUG 1668 --- [http-nio-80-exec-9] o.s.w.s.handler.SimpleUrlHandlerMapping  : Mapped to ResourceHttpRequestHandler ["classpath:/META-INF/resources/", "classpath:/resources/", "classpath:/static/", "classpath:/public/", "/"]
2020-01-10 11:13:53.195 DEBUG 1668 --- [http-nio-80-exec-9] o.s.web.servlet.DispatcherServlet        : Completed 200 OK
2020-01-10 11:13:53.202 DEBUG 1668 --- [http-nio-80-exec-3] o.s.web.servlet.DispatcherServlet        : Completed 200 OK
2020-01-10 11:13:53.428 DEBUG 1668 --- [http-nio-80-exec-2] s.w.s.m.m.a.RequestMappingHandlerMapping : Mapped to public com.sunup.noend.pojo.Page com.sunup.noend.controller.CompanyController.list(com.sunup.noend.pojo.Page,java.lang.String) throws com.sunup.noend.handler.exception.StringLengthLtThreeException
2020-01-10 11:13:53.433 DEBUG 1668 --- [http-nio-80-exec-2] o.s.web.servlet.DispatcherServlet        : POST "/sales/company/list", parameters={masked}
2020-01-10 11:13:53.433 DEBUG 1668 --- [http-nio-80-exec-2] s.w.s.m.m.a.RequestMappingHandlerMapping : Mapped to public com.sunup.noend.pojo.Page com.sunup.noend.controller.CompanyController.list(com.sunup.noend.pojo.Page,java.lang.String) throws com.sunup.noend.handler.exception.StringLengthLtThreeException
2020-01-10 11:13:53.439  INFO 1668 --- [http-nio-80-exec-2] c.s.noend.controller.CompanyController   : {"draw":1,"length":10,"recordsFiltered":0,"recordsTotal":0,"start":0}
2020-01-10 11:13:53.439  INFO 1668 --- [http-nio-80-exec-2] c.s.noend.controller.CompanyController   : ""
2020-01-10 11:13:53.445  INFO 1668 --- [http-nio-80-exec-2] c.s.n.service.impl.CommonServiceImpl     : 相等查找
2020-01-10 11:13:53.446 DEBUG 1668 --- [http-nio-80-exec-2] c.s.n.m.C.selectPageBySearch             : ==>  Preparing: select id, name, address,uniform_credit_code,phone, landline from t_company order by id desc limit ?,? 
2020-01-10 11:13:53.447 DEBUG 1668 --- [http-nio-80-exec-2] c.s.n.m.C.selectPageBySearch             : ==> Parameters: 0(Integer), 10(Integer)
2020-01-10 11:13:53.460 DEBUG 1668 --- [http-nio-80-exec-2] c.s.n.m.C.selectPageBySearch             : <==      Total: 10
2020-01-10 11:13:53.461 DEBUG 1668 --- [http-nio-80-exec-2] c.s.n.m.C.selectCountBySearch            : ==>  Preparing: select count(id) from t_company as tc 
2020-01-10 11:13:53.461 DEBUG 1668 --- [http-nio-80-exec-2] c.s.n.m.C.selectCountBySearch            : ==> Parameters: 
2020-01-10 11:13:53.468 DEBUG 1668 --- [http-nio-80-exec-2] c.s.n.m.C.selectCountBySearch            : <==      Total: 1
2020-01-10 11:13:53.471 DEBUG 1668 --- [http-nio-80-exec-4] s.w.s.m.m.a.RequestMappingHandlerMapping : Mapped to public com.sunup.noend.pojo.Page com.sunup.noend.controller.CommodityController.list(com.sunup.noend.pojo.Page,java.lang.String) throws com.sunup.noend.handler.exception.StringLengthLtThreeException
2020-01-10 11:13:53.471 DEBUG 1668 --- [http-nio-80-exec-4] o.s.web.servlet.DispatcherServlet        : POST "/sales/commodity/list", parameters={masked}
2020-01-10 11:13:53.471 DEBUG 1668 --- [http-nio-80-exec-4] s.w.s.m.m.a.RequestMappingHandlerMapping : Mapped to public com.sunup.noend.pojo.Page com.sunup.noend.controller.CommodityController.list(com.sunup.noend.pojo.Page,java.lang.String) throws com.sunup.noend.handler.exception.StringLengthLtThreeException
2020-01-10 11:13:53.485 DEBUG 1668 --- [http-nio-80-exec-2] m.m.a.RequestResponseBodyMethodProcessor : Using 'application/json;charset=UTF-8', given [application/json, text/javascript, */*;q=0.01] and supported [application/json;charset=UTF-8, application/json, application/*+json]
2020-01-10 11:13:53.486 DEBUG 1668 --- [http-nio-80-exec-2] m.m.a.RequestResponseBodyMethodProcessor : Writing [Page(start=0, length=0, recordsFiltered=77, data=[Company(id=77, name=龙泉驿区龙泉街办同仁药店, namePinyin=null, (truncated)...]
2020-01-10 11:13:53.491 DEBUG 1668 --- [http-nio-80-exec-2] o.s.web.servlet.DispatcherServlet        : Completed 200 OK
2020-01-10 11:13:53.499  INFO 1668 --- [http-nio-80-exec-4] c.s.n.service.impl.CommonServiceImpl     : 相等查找
2020-01-10 11:13:53.500 DEBUG 1668 --- [http-nio-80-exec-4] c.s.n.m.C.selectPageBySearch             : ==>  Preparing: select id, name, norm, lot_number, inventory, retail_price,supply_price, wholesale_price,quality,health_permit,unit,valid_until,create_time from t_commodity order by id desc limit ?,? 
2020-01-10 11:13:53.500 DEBUG 1668 --- [http-nio-80-exec-4] c.s.n.m.C.selectPageBySearch             : ==> Parameters: 0(Integer), 10(Integer)
2020-01-10 11:13:53.519 DEBUG 1668 --- [http-nio-80-exec-4] c.s.n.m.C.selectPageBySearch             : <==      Total: 10
2020-01-10 11:13:53.520 DEBUG 1668 --- [http-nio-80-exec-4] c.s.n.m.C.selectCountBySearch            : ==>  Preparing: select count(id) from t_commodity as tc 
2020-01-10 11:13:53.520 DEBUG 1668 --- [http-nio-80-exec-4] c.s.n.m.C.selectCountBySearch            : ==> Parameters: 
2020-01-10 11:13:53.526 DEBUG 1668 --- [http-nio-80-exec-4] c.s.n.m.C.selectCountBySearch            : <==      Total: 1
2020-01-10 11:13:53.545 DEBUG 1668 --- [http-nio-80-exec-4] m.m.a.RequestResponseBodyMethodProcessor : Using 'application/json;charset=UTF-8', given [application/json, text/javascript, */*;q=0.01] and supported [application/json;charset=UTF-8, application/json, application/*+json]
2020-01-10 11:13:53.547 DEBUG 1668 --- [http-nio-80-exec-4] m.m.a.RequestResponseBodyMethodProcessor : Writing [Page(start=0, length=0, recordsFiltered=15, data=[Commodity(id=19, name=军中肤王草本抑菌乳膏, namePinyin=null, (truncated)...]
2020-01-10 11:13:53.556 DEBUG 1668 --- [http-nio-80-exec-4] o.s.web.servlet.DispatcherServlet        : Completed 200 OK
2020-01-10 11:13:54.110 DEBUG 1668 --- [http-nio-80-exec-5] o.s.web.servlet.DispatcherServlet        : GET "/sales/order/list", parameters={}
2020-01-10 11:13:54.111 DEBUG 1668 --- [http-nio-80-exec-5] s.w.s.m.m.a.RequestMappingHandlerMapping : Mapped to public java.lang.String com.sunup.noend.controller.OrderController.list(org.springframework.ui.Model)
2020-01-10 11:13:54.117 DEBUG 1668 --- [http-nio-80-exec-5] o.s.w.s.v.ContentNegotiatingViewResolver : Selected 'text/html' given [text/html, application/xhtml+xml, image/webp, image/apng, application/xml;q=0.9, application/signed-exchange;v=b3;q=0.9, */*;q=0.8]
2020-01-10 11:13:54.140 DEBUG 1668 --- [http-nio-80-exec-5] o.s.web.servlet.DispatcherServlet        : Completed 200 OK
2020-01-10 11:13:54.170 DEBUG 1668 --- [http-nio-80-exec-6] o.s.web.servlet.DispatcherServlet        : GET "/static/css/style.css", parameters={}
2020-01-10 11:13:54.171 DEBUG 1668 --- [http-nio-80-exec-6] o.s.w.s.handler.SimpleUrlHandlerMapping  : Mapped to ResourceHttpRequestHandler ["classpath:/META-INF/resources/", "classpath:/resources/", "classpath:/static/", "classpath:/public/", "/"]
2020-01-10 11:13:54.183 DEBUG 1668 --- [http-nio-80-exec-6] o.s.web.servlet.DispatcherServlet        : Completed 200 OK
2020-01-10 11:13:54.191 DEBUG 1668 --- [http-nio-80-exec-7] o.s.web.servlet.DispatcherServlet        : GET "/static/css/colors/default-dark.css", parameters={}
2020-01-10 11:13:54.191 DEBUG 1668 --- [http-nio-80-exec-7] o.s.w.s.handler.SimpleUrlHandlerMapping  : Mapped to ResourceHttpRequestHandler ["classpath:/META-INF/resources/", "classpath:/resources/", "classpath:/static/", "classpath:/public/", "/"]
2020-01-10 11:13:54.194 DEBUG 1668 --- [http-nio-80-exec-7] o.s.web.servlet.DispatcherServlet        : Completed 200 OK
2020-01-10 11:13:54.216 DEBUG 1668 --- [http-nio-80-exec-8] o.s.web.servlet.DispatcherServlet        : GET "/static/assets/images/users/profile.png", parameters={}
2020-01-10 11:13:54.217 DEBUG 1668 --- [http-nio-80-exec-8] o.s.w.s.handler.SimpleUrlHandlerMapping  : Mapped to ResourceHttpRequestHandler ["classpath:/META-INF/resources/", "classpath:/resources/", "classpath:/static/", "classpath:/public/", "/"]
2020-01-10 11:13:54.220 DEBUG 1668 --- [http-nio-80-exec-10] o.s.web.servlet.DispatcherServlet        : GET "/static/js/waves.js", parameters={}
2020-01-10 11:13:54.221 DEBUG 1668 --- [http-nio-80-exec-10] o.s.w.s.handler.SimpleUrlHandlerMapping  : Mapped to ResourceHttpRequestHandler ["classpath:/META-INF/resources/", "classpath:/resources/", "classpath:/static/", "classpath:/public/", "/"]
2020-01-10 11:13:54.222 DEBUG 1668 --- [http-nio-80-exec-8] o.s.web.servlet.DispatcherServlet        : Completed 200 OK
2020-01-10 11:13:54.223 DEBUG 1668 --- [http-nio-80-exec-10] o.s.web.servlet.DispatcherServlet        : Completed 200 OK
2020-01-10 11:13:54.225 DEBUG 1668 --- [http-nio-80-exec-1] o.s.web.servlet.DispatcherServlet        : GET "/static/js/sidebarmenu.js", parameters={}
2020-01-10 11:13:54.225 DEBUG 1668 --- [http-nio-80-exec-9] o.s.web.servlet.DispatcherServlet        : GET "/static/js/custom.min.js", parameters={}
2020-01-10 11:13:54.225 DEBUG 1668 --- [http-nio-80-exec-1] o.s.w.s.handler.SimpleUrlHandlerMapping  : Mapped to ResourceHttpRequestHandler ["classpath:/META-INF/resources/", "classpath:/resources/", "classpath:/static/", "classpath:/public/", "/"]
2020-01-10 11:13:54.225 DEBUG 1668 --- [http-nio-80-exec-9] o.s.w.s.handler.SimpleUrlHandlerMapping  : Mapped to ResourceHttpRequestHandler ["classpath:/META-INF/resources/", "classpath:/resources/", "classpath:/static/", "classpath:/public/", "/"]
2020-01-10 11:13:54.228 DEBUG 1668 --- [http-nio-80-exec-9] o.s.web.servlet.DispatcherServlet        : Completed 200 OK
2020-01-10 11:13:54.230 DEBUG 1668 --- [http-nio-80-exec-1] o.s.web.servlet.DispatcherServlet        : Completed 200 OK
2020-01-10 11:13:54.241 DEBUG 1668 --- [http-nio-80-exec-3] o.s.web.servlet.DispatcherServlet        : GET "/static/css/spinners.css", parameters={}
2020-01-10 11:13:54.241 DEBUG 1668 --- [http-nio-80-exec-3] o.s.w.s.handler.SimpleUrlHandlerMapping  : Mapped to ResourceHttpRequestHandler ["classpath:/META-INF/resources/", "classpath:/resources/", "classpath:/static/", "classpath:/public/", "/"]
2020-01-10 11:13:54.244 DEBUG 1668 --- [http-nio-80-exec-3] o.s.web.servlet.DispatcherServlet        : Completed 200 OK
2020-01-10 11:13:54.356 DEBUG 1668 --- [http-nio-80-exec-2] s.w.s.m.m.a.RequestMappingHandlerMapping : Mapped to public com.sunup.noend.pojo.Page com.sunup.noend.controller.OrderController.list(com.sunup.noend.pojo.Page,java.lang.String)
2020-01-10 11:13:54.357 DEBUG 1668 --- [http-nio-80-exec-2] o.s.web.servlet.DispatcherServlet        : POST "/sales/order/list", parameters={masked}
2020-01-10 11:13:54.358 DEBUG 1668 --- [http-nio-80-exec-2] s.w.s.m.m.a.RequestMappingHandlerMapping : Mapped to public com.sunup.noend.pojo.Page com.sunup.noend.controller.OrderController.list(com.sunup.noend.pojo.Page,java.lang.String)
2020-01-10 11:13:54.378  INFO 1668 --- [http-nio-80-exec-2] c.s.n.service.impl.CommonServiceImpl     : 相等查找
2020-01-10 11:13:54.379 DEBUG 1668 --- [http-nio-80-exec-2] c.s.n.m.OrderMapper.selectPageBySearch   : ==>  Preparing: select id, order_number, lump_sum, receipt_address, receipt_phone, receipt_name, status,create_time from t_order order by id desc limit ?,? 
2020-01-10 11:13:54.382 DEBUG 1668 --- [http-nio-80-exec-2] c.s.n.m.OrderMapper.selectPageBySearch   : ==> Parameters: 0(Integer), 10(Integer)
2020-01-10 11:13:54.394 DEBUG 1668 --- [http-nio-80-exec-2] c.s.n.m.OrderMapper.selectPageBySearch   : <==      Total: 0
2020-01-10 11:13:54.395 DEBUG 1668 --- [http-nio-80-exec-2] c.s.n.m.OrderMapper.selectCountBySearch  : ==>  Preparing: select count(id) from t_order as tor 
2020-01-10 11:13:54.401 DEBUG 1668 --- [http-nio-80-exec-2] c.s.n.m.OrderMapper.selectCountBySearch  : ==> Parameters: 
2020-01-10 11:13:54.407 DEBUG 1668 --- [http-nio-80-exec-2] c.s.n.m.OrderMapper.selectCountBySearch  : <==      Total: 1
2020-01-10 11:13:54.426 DEBUG 1668 --- [http-nio-80-exec-2] m.m.a.RequestResponseBodyMethodProcessor : Using 'application/json;charset=UTF-8', given [application/json, text/javascript, */*;q=0.01] and supported [application/json;charset=UTF-8, application/json, application/*+json]
2020-01-10 11:13:54.426 DEBUG 1668 --- [http-nio-80-exec-2] m.m.a.RequestResponseBodyMethodProcessor : Writing [Page(start=0, length=0, recordsFiltered=0, data=[], draw=1, recordsTotal=0, searchValue=null)]
2020-01-10 11:13:54.428 DEBUG 1668 --- [http-nio-80-exec-2] o.s.web.servlet.DispatcherServlet        : Completed 200 OK
